<?xml version="1.0" encoding="utf-8"?><testsuite errors="0" failures="0" name="pytest" skips="0" tests="8" time="0.313"><testcase classname="test_submit.TestChallenge10" file="test_submit.py" line="8" name="test_0" time="0.03553175926208496"></testcase><testcase classname="test_submit.TestChallenge10" file="test_submit.py" line="14" name="test_01" time="0.0022559165954589844"></testcase><testcase classname="test_submit.TestChallenge10" file="test_submit.py" line="20" name="test_1" time="0.0018625259399414062"></testcase><testcase classname="test_submit.TestChallenge10" file="test_submit.py" line="26" name="test_2" time="0.0015940666198730469"></testcase><testcase classname="test_submit.TestChallenge10" file="test_submit.py" line="32" name="test_3" time="0.0015642642974853516"></testcase><testcase classname="test_submit.TestChallenge10" file="test_submit.py" line="38" name="test_4" time="0.0014667510986328125"></testcase><testcase classname="test_submit.TestChallenge10" file="test_submit.py" line="43" name="test_5" time="0.0014302730560302734"></testcase><testcase classname="test_submit.TestChallenge10" file="test_submit.py" line="48" name="test_6" time="0.002726316452026367"></testcase></testsuite>